{"contracts/MyBitBurner.sol":{"l":{"20":5,"21":5,"30":19,"32":18,"33":14,"34":14,"43":7,"44":6,"45":6,"46":6,"55":3,"56":2,"57":2,"58":2,"65":1,"74":13,"75":10},"path":"/mnt/c/Users/Steven/MyBit-Trust.tech/contracts/MyBitBurner.sol","s":{"1":5,"2":5,"3":19,"4":18,"5":14,"6":14,"7":7,"8":6,"9":6,"10":6,"11":3,"12":2,"13":2,"14":1,"15":13},"b":{"1":[18,1],"2":[14,4],"3":[6,1],"4":[2,1],"5":[10,3]},"f":{"1":5,"2":19,"3":7,"4":3,"5":1,"6":13},"fnMap":{"1":{"name":null,"line":18,"loc":{"start":{"line":18,"column":2},"end":{"line":19,"column":10}}},"2":{"name":"burn","line":27,"loc":{"start":{"line":27,"column":2},"end":{"line":29,"column":18}}},"3":{"name":"authorizeBurner","line":39,"loc":{"start":{"line":39,"column":2},"end":{"line":42,"column":18}}},"4":{"name":"removeBurner","line":51,"loc":{"start":{"line":51,"column":2},"end":{"line":54,"column":18}}},"5":{"name":null,"line":62,"loc":{"start":{"line":62,"column":2},"end":{"line":64,"column":12}}},"6":{"name":"onlyOwner","line":73,"loc":{"start":{"line":73,"column":2},"end":{"line":73,"column":20}}}},"statementMap":{"1":{"start":{"line":20,"column":4},"end":{"line":20,"column":47}},"2":{"start":{"line":21,"column":4},"end":{"line":21,"column":21}},"3":{"start":{"line":30,"column":4},"end":{"line":30,"column":40}},"4":{"start":{"line":32,"column":4},"end":{"line":32,"column":52}},"5":{"start":{"line":33,"column":4},"end":{"line":33,"column":56}},"6":{"start":{"line":34,"column":4},"end":{"line":34,"column":15}},"7":{"start":{"line":43,"column":4},"end":{"line":43,"column":47}},"8":{"start":{"line":44,"column":4},"end":{"line":44,"column":44}},"9":{"start":{"line":45,"column":4},"end":{"line":45,"column":58}},"10":{"start":{"line":46,"column":4},"end":{"line":46,"column":15}},"11":{"start":{"line":55,"column":4},"end":{"line":55,"column":46}},"12":{"start":{"line":57,"column":4},"end":{"line":57,"column":55}},"13":{"start":{"line":58,"column":4},"end":{"line":58,"column":15}},"14":{"start":{"line":65,"column":4},"end":{"line":65,"column":11}},"15":{"start":{"line":74,"column":4},"end":{"line":74,"column":31}}},"branchMap":{"1":{"line":30,"type":"if","locations":[{"start":{"line":30,"column":4},"end":{"line":30,"column":4}},{"start":{"line":30,"column":4},"end":{"line":30,"column":4}}]},"2":{"line":32,"type":"if","locations":[{"start":{"line":32,"column":4},"end":{"line":32,"column":4}},{"start":{"line":32,"column":4},"end":{"line":32,"column":4}}]},"3":{"line":43,"type":"if","locations":[{"start":{"line":43,"column":4},"end":{"line":43,"column":4}},{"start":{"line":43,"column":4},"end":{"line":43,"column":4}}]},"4":{"line":55,"type":"if","locations":[{"start":{"line":55,"column":4},"end":{"line":55,"column":4}},{"start":{"line":55,"column":4},"end":{"line":55,"column":4}}]},"5":{"line":74,"type":"if","locations":[{"start":{"line":74,"column":4},"end":{"line":74,"column":4}},{"start":{"line":74,"column":4},"end":{"line":74,"column":4}}]}}},"contracts/SafeMath.sol":{"l":{"14":3,"15":1,"17":2,"18":2,"19":1,"29":1,"36":272,"37":271,"44":249,"45":249,"46":247},"path":"/mnt/c/Users/Steven/MyBit-Trust.tech/contracts/SafeMath.sol","s":{"1":3,"2":1,"3":2,"4":2,"5":1,"6":1,"7":272,"8":271,"9":249,"10":249,"11":247},"b":{"1":[1,2],"2":[1,1],"3":[271,1],"4":[247,2]},"f":{"1":3,"2":1,"3":272,"4":249},"fnMap":{"1":{"name":"mul","line":13,"loc":{"start":{"line":13,"column":2},"end":{"line":13,"column":68}}},"2":{"name":"div","line":25,"loc":{"start":{"line":25,"column":2},"end":{"line":25,"column":68}}},"3":{"name":"sub","line":35,"loc":{"start":{"line":35,"column":2},"end":{"line":35,"column":68}}},"4":{"name":"add","line":43,"loc":{"start":{"line":43,"column":2},"end":{"line":43,"column":68}}}},"statementMap":{"1":{"start":{"line":14,"column":4},"end":{"line":14,"column":753}},"2":{"start":{"line":15,"column":6},"end":{"line":15,"column":14}},"3":{"start":{"line":17,"column":4},"end":{"line":17,"column":20}},"4":{"start":{"line":18,"column":4},"end":{"line":18,"column":21}},"5":{"start":{"line":19,"column":4},"end":{"line":19,"column":12}},"6":{"start":{"line":29,"column":4},"end":{"line":29,"column":16}},"7":{"start":{"line":36,"column":4},"end":{"line":36,"column":17}},"8":{"start":{"line":37,"column":4},"end":{"line":37,"column":16}},"9":{"start":{"line":44,"column":4},"end":{"line":44,"column":20}},"10":{"start":{"line":45,"column":4},"end":{"line":45,"column":17}},"11":{"start":{"line":46,"column":4},"end":{"line":46,"column":12}}},"branchMap":{"1":{"line":14,"type":"if","locations":[{"start":{"line":14,"column":4},"end":{"line":14,"column":4}},{"start":{"line":14,"column":4},"end":{"line":14,"column":4}}]},"2":{"line":18,"type":"if","locations":[{"start":{"line":18,"column":4},"end":{"line":18,"column":4}},{"start":{"line":18,"column":4},"end":{"line":18,"column":4}}]},"3":{"line":36,"type":"if","locations":[{"start":{"line":36,"column":4},"end":{"line":36,"column":4}},{"start":{"line":36,"column":4},"end":{"line":36,"column":4}}]},"4":{"line":45,"type":"if","locations":[{"start":{"line":45,"column":4},"end":{"line":45,"column":4}},{"start":{"line":45,"column":4},"end":{"line":45,"column":4}}]}}},"contracts/SafeMathWrapper.sol":{"l":{"9":3,"13":1,"17":2,"21":2},"path":"/mnt/c/Users/Steven/MyBit-Trust.tech/contracts/SafeMathWrapper.sol","s":{"1":3,"2":1,"3":2,"4":2},"b":{},"f":{"1":3,"2":1,"3":2,"4":2},"fnMap":{"1":{"name":"multiply","line":8,"loc":{"start":{"line":8,"column":2},"end":{"line":8,"column":73}}},"2":{"name":"divide","line":12,"loc":{"start":{"line":12,"column":2},"end":{"line":12,"column":71}}},"3":{"name":"subtract","line":16,"loc":{"start":{"line":16,"column":2},"end":{"line":16,"column":73}}},"4":{"name":"addto","line":20,"loc":{"start":{"line":20,"column":2},"end":{"line":20,"column":70}}}},"statementMap":{"1":{"start":{"line":9,"column":4},"end":{"line":9,"column":19}},"2":{"start":{"line":13,"column":4},"end":{"line":13,"column":19}},"3":{"start":{"line":17,"column":4},"end":{"line":17,"column":19}},"4":{"start":{"line":21,"column":4},"end":{"line":21,"column":19}}},"branchMap":{}},"contracts/token/BurnableERC20.sol":{"l":{},"path":"/mnt/c/Users/Steven/MyBit-Trust.tech/contracts/token/BurnableERC20.sol","s":{},"b":{},"f":{},"fnMap":{},"statementMap":{},"branchMap":{}},"contracts/token/ERC20.sol":{"l":{"43":8,"44":8,"45":8,"46":8,"47":8,"48":8,"59":211,"60":210,"61":209,"62":209,"63":209,"64":209,"74":5,"75":4,"76":3,"77":3,"78":3,"79":3,"80":3,"90":22,"91":22,"92":22,"103":0,"104":0,"105":0,"106":0,"116":1,"117":1,"118":1,"119":1,"120":1,"130":20,"131":15,"132":15,"133":15,"134":15,"135":15,"136":15,"146":5,"156":168,"166":3,"177":1},"path":"/mnt/c/Users/Steven/MyBit-Trust.tech/contracts/token/ERC20.sol","s":{"1":8,"2":8,"3":8,"4":8,"5":8,"6":8,"7":211,"8":210,"9":209,"10":209,"11":209,"12":209,"13":5,"14":4,"15":3,"16":3,"17":3,"18":3,"19":3,"20":22,"21":22,"22":22,"23":0,"24":0,"25":0,"26":0,"27":1,"28":1,"29":1,"30":1,"31":1,"32":20,"33":15,"34":15,"35":15,"36":15,"37":15,"38":15,"39":5,"40":168,"41":3,"42":1},"b":{"1":[210,1],"2":[209,1],"3":[4,1],"4":[3,1],"5":[15,5]},"f":{"1":8,"2":211,"3":5,"4":22,"5":0,"6":1,"7":20,"8":5,"9":168,"10":3,"11":1},"fnMap":{"1":{"name":null,"line":41,"loc":{"start":{"line":41,"column":4},"end":{"line":42,"column":12}}},"2":{"name":"transfer","line":56,"loc":{"start":{"line":56,"column":4},"end":{"line":58,"column":28}}},"3":{"name":"transferFrom","line":71,"loc":{"start":{"line":71,"column":4},"end":{"line":73,"column":28}}},"4":{"name":"approve","line":87,"loc":{"start":{"line":87,"column":4},"end":{"line":89,"column":28}}},"5":{"name":"approveAndCall","line":100,"loc":{"start":{"line":100,"column":4},"end":{"line":102,"column":28}}},"6":{"name":"burn","line":113,"loc":{"start":{"line":113,"column":4},"end":{"line":115,"column":28}}},"7":{"name":"burnFrom","line":127,"loc":{"start":{"line":127,"column":4},"end":{"line":129,"column":28}}},"8":{"name":"totalSupply","line":142,"loc":{"start":{"line":142,"column":4},"end":{"line":145,"column":32}}},"9":{"name":"balanceOf","line":152,"loc":{"start":{"line":152,"column":4},"end":{"line":155,"column":28}}},"10":{"name":"allowance","line":162,"loc":{"start":{"line":162,"column":4},"end":{"line":165,"column":30}}},"11":{"name":null,"line":174,"loc":{"start":{"line":174,"column":4},"end":{"line":176,"column":13}}}},"statementMap":{"1":{"start":{"line":43,"column":8},"end":{"line":43,"column":44}},"2":{"start":{"line":44,"column":8},"end":{"line":44,"column":30}},"3":{"start":{"line":45,"column":8},"end":{"line":45,"column":24}},"4":{"start":{"line":46,"column":8},"end":{"line":46,"column":31}},"5":{"start":{"line":47,"column":8},"end":{"line":47,"column":28}},"6":{"start":{"line":48,"column":8},"end":{"line":48,"column":61}},"7":{"start":{"line":59,"column":8},"end":{"line":59,"column":33}},"8":{"start":{"line":60,"column":8},"end":{"line":60,"column":36}},"9":{"start":{"line":61,"column":8},"end":{"line":61,"column":63}},"10":{"start":{"line":62,"column":8},"end":{"line":62,"column":49}},"11":{"start":{"line":63,"column":8},"end":{"line":63,"column":47}},"12":{"start":{"line":64,"column":8},"end":{"line":64,"column":19}},"13":{"start":{"line":74,"column":8},"end":{"line":74,"column":33}},"14":{"start":{"line":75,"column":8},"end":{"line":75,"column":36}},"15":{"start":{"line":76,"column":8},"end":{"line":76,"column":53}},"16":{"start":{"line":77,"column":8},"end":{"line":77,"column":75}},"17":{"start":{"line":78,"column":8},"end":{"line":78,"column":49}},"18":{"start":{"line":79,"column":8},"end":{"line":79,"column":42}},"19":{"start":{"line":80,"column":8},"end":{"line":80,"column":19}},"20":{"start":{"line":90,"column":8},"end":{"line":90,"column":46}},"21":{"start":{"line":91,"column":8},"end":{"line":91,"column":52}},"22":{"start":{"line":92,"column":8},"end":{"line":92,"column":19}},"23":{"start":{"line":103,"column":8},"end":{"line":103,"column":46}},"24":{"start":{"line":104,"column":8},"end":{"line":104,"column":52}},"25":{"start":{"line":105,"column":8},"end":{"line":105,"column":39}},"26":{"start":{"line":106,"column":8},"end":{"line":106,"column":19}},"27":{"start":{"line":116,"column":8},"end":{"line":116,"column":63}},"28":{"start":{"line":117,"column":8},"end":{"line":117,"column":35}},"29":{"start":{"line":118,"column":8},"end":{"line":118,"column":41}},"30":{"start":{"line":119,"column":8},"end":{"line":119,"column":54}},"31":{"start":{"line":120,"column":8},"end":{"line":120,"column":19}},"32":{"start":{"line":130,"column":8},"end":{"line":130,"column":53}},"33":{"start":{"line":131,"column":8},"end":{"line":131,"column":53}},"34":{"start":{"line":132,"column":8},"end":{"line":132,"column":75}},"35":{"start":{"line":133,"column":8},"end":{"line":133,"column":35}},"36":{"start":{"line":134,"column":8},"end":{"line":134,"column":36}},"37":{"start":{"line":135,"column":8},"end":{"line":135,"column":49}},"38":{"start":{"line":136,"column":8},"end":{"line":136,"column":19}},"39":{"start":{"line":146,"column":8},"end":{"line":146,"column":21}},"40":{"start":{"line":156,"column":8},"end":{"line":156,"column":37}},"41":{"start":{"line":166,"column":8},"end":{"line":166,"column":46}},"42":{"start":{"line":177,"column":8},"end":{"line":177,"column":15}}},"branchMap":{"1":{"line":59,"type":"if","locations":[{"start":{"line":59,"column":8},"end":{"line":59,"column":8}},{"start":{"line":59,"column":8},"end":{"line":59,"column":8}}]},"2":{"line":60,"type":"if","locations":[{"start":{"line":60,"column":8},"end":{"line":60,"column":8}},{"start":{"line":60,"column":8},"end":{"line":60,"column":8}}]},"3":{"line":74,"type":"if","locations":[{"start":{"line":74,"column":8},"end":{"line":74,"column":8}},{"start":{"line":74,"column":8},"end":{"line":74,"column":8}}]},"4":{"line":75,"type":"if","locations":[{"start":{"line":75,"column":8},"end":{"line":75,"column":8}},{"start":{"line":75,"column":8},"end":{"line":75,"column":8}}]},"5":{"line":130,"type":"if","locations":[{"start":{"line":130,"column":8},"end":{"line":130,"column":8}},{"start":{"line":130,"column":8},"end":{"line":130,"column":8}}]}}},"contracts/token/ERC20Interface.sol":{"l":{},"path":"/mnt/c/Users/Steven/MyBit-Trust.tech/contracts/token/ERC20Interface.sol","s":{},"b":{},"f":{},"fnMap":{},"statementMap":{},"branchMap":{}},"contracts/token/IERC721.sol":{"l":{},"path":"/mnt/c/Users/Steven/MyBit-Trust.tech/contracts/token/IERC721.sol","s":{},"b":{},"f":{},"fnMap":{},"statementMap":{},"branchMap":{}},"contracts/token/SampleERC721.sol":{"l":{"30":4,"43":9,"44":8,"46":7,"47":7,"49":7,"50":7,"59":2,"60":1,"69":31,"70":31,"71":29,"83":5,"84":5,"85":4,"87":3,"88":3,"98":4,"99":3,"109":1,"110":1,"111":1,"121":2,"133":7,"135":6,"179":12,"180":12,"191":7,"195":6,"206":6,"207":5,"209":5,"211":5,"212":5,"214":5,"216":5,"224":5,"225":3,"231":10,"232":9},"path":"/mnt/c/Users/Steven/MyBit-Trust.tech/contracts/token/SampleERC721.sol","s":{"1":4,"2":9,"3":8,"4":7,"5":7,"6":7,"7":7,"8":2,"9":1,"10":31,"11":31,"12":29,"13":5,"14":5,"15":4,"16":3,"17":3,"18":4,"19":3,"20":1,"21":1,"22":1,"23":2,"24":7,"25":6,"26":12,"27":12,"28":7,"29":6,"30":6,"31":5,"32":5,"33":5,"34":5,"35":5,"36":5,"37":5,"38":3,"39":10},"b":{"1":[8,1],"2":[7,1],"3":[1,1],"4":[29,2],"5":[4,1],"6":[3,1],"7":[3,1],"8":[1,0],"9":[6,1],"10":[5,1],"11":[5,0],"12":[3,2],"13":[9,1]},"f":{"1":4,"2":9,"3":2,"4":31,"5":5,"6":4,"7":1,"8":2,"9":7,"10":12,"11":7,"12":6,"13":5,"14":10},"fnMap":{"1":{"name":null,"line":28,"loc":{"start":{"line":28,"column":4},"end":{"line":29,"column":12}}},"2":{"name":"mint","line":39,"loc":{"start":{"line":39,"column":4},"end":{"line":42,"column":20}}},"3":{"name":"balanceOf","line":58,"loc":{"start":{"line":58,"column":4},"end":{"line":58,"column":65}}},"4":{"name":"ownerOf","line":68,"loc":{"start":{"line":68,"column":4},"end":{"line":68,"column":65}}},"5":{"name":"approve","line":82,"loc":{"start":{"line":82,"column":4},"end":{"line":82,"column":54}}},"6":{"name":"getApproved","line":97,"loc":{"start":{"line":97,"column":4},"end":{"line":97,"column":69}}},"7":{"name":"setApprovalForAll","line":108,"loc":{"start":{"line":108,"column":4},"end":{"line":108,"column":62}}},"8":{"name":"isApprovedForAll","line":120,"loc":{"start":{"line":120,"column":4},"end":{"line":120,"column":87}}},"9":{"name":"transferFrom","line":132,"loc":{"start":{"line":132,"column":4},"end":{"line":132,"column":73}}},"10":{"name":"_exists","line":178,"loc":{"start":{"line":178,"column":4},"end":{"line":178,"column":64}}},"11":{"name":"_isApprovedOrOwner","line":190,"loc":{"start":{"line":190,"column":4},"end":{"line":190,"column":92}}},"12":{"name":"_transferFrom","line":205,"loc":{"start":{"line":205,"column":4},"end":{"line":205,"column":76}}},"13":{"name":"_clearApproval","line":223,"loc":{"start":{"line":223,"column":4},"end":{"line":223,"column":50}}},"14":{"name":"onlyOwner","line":230,"loc":{"start":{"line":230,"column":4},"end":{"line":230,"column":20}}}},"statementMap":{"1":{"start":{"line":30,"column":8},"end":{"line":30,"column":26}},"2":{"start":{"line":43,"column":8},"end":{"line":43,"column":32}},"3":{"start":{"line":44,"column":8},"end":{"line":44,"column":33}},"4":{"start":{"line":46,"column":8},"end":{"line":46,"column":32}},"5":{"start":{"line":47,"column":8},"end":{"line":47,"column":59}},"6":{"start":{"line":49,"column":8},"end":{"line":49,"column":46}},"7":{"start":{"line":50,"column":8},"end":{"line":50,"column":19}},"8":{"start":{"line":59,"column":8},"end":{"line":59,"column":35}},"9":{"start":{"line":60,"column":8},"end":{"line":60,"column":39}},"10":{"start":{"line":69,"column":8},"end":{"line":69,"column":43}},"11":{"start":{"line":70,"column":8},"end":{"line":70,"column":35}},"12":{"start":{"line":71,"column":8},"end":{"line":71,"column":20}},"13":{"start":{"line":83,"column":8},"end":{"line":83,"column":39}},"14":{"start":{"line":84,"column":8},"end":{"line":84,"column":27}},"15":{"start":{"line":85,"column":8},"end":{"line":85,"column":74}},"16":{"start":{"line":87,"column":8},"end":{"line":87,"column":36}},"17":{"start":{"line":88,"column":8},"end":{"line":88,"column":41}},"18":{"start":{"line":98,"column":8},"end":{"line":98,"column":32}},"19":{"start":{"line":99,"column":8},"end":{"line":99,"column":39}},"20":{"start":{"line":109,"column":8},"end":{"line":109,"column":32}},"21":{"start":{"line":110,"column":8},"end":{"line":110,"column":52}},"22":{"start":{"line":111,"column":8},"end":{"line":111,"column":53}},"23":{"start":{"line":121,"column":8},"end":{"line":121,"column":50}},"24":{"start":{"line":133,"column":8},"end":{"line":133,"column":55}},"25":{"start":{"line":135,"column":8},"end":{"line":135,"column":39}},"26":{"start":{"line":179,"column":8},"end":{"line":179,"column":43}},"27":{"start":{"line":180,"column":8},"end":{"line":180,"column":34}},"28":{"start":{"line":191,"column":8},"end":{"line":191,"column":39}},"29":{"start":{"line":195,"column":8},"end":{"line":195,"column":104}},"30":{"start":{"line":206,"column":8},"end":{"line":206,"column":40}},"31":{"start":{"line":207,"column":8},"end":{"line":207,"column":32}},"32":{"start":{"line":209,"column":8},"end":{"line":209,"column":30}},"33":{"start":{"line":211,"column":8},"end":{"line":211,"column":63}},"34":{"start":{"line":212,"column":8},"end":{"line":212,"column":59}},"35":{"start":{"line":214,"column":8},"end":{"line":214,"column":32}},"36":{"start":{"line":216,"column":8},"end":{"line":216,"column":40}},"37":{"start":{"line":224,"column":8},"end":{"line":224,"column":8964}},"38":{"start":{"line":225,"column":12},"end":{"line":225,"column":48}},"39":{"start":{"line":231,"column":8},"end":{"line":231,"column":36}}},"branchMap":{"1":{"line":43,"type":"if","locations":[{"start":{"line":43,"column":8},"end":{"line":43,"column":8}},{"start":{"line":43,"column":8},"end":{"line":43,"column":8}}]},"2":{"line":44,"type":"if","locations":[{"start":{"line":44,"column":8},"end":{"line":44,"column":8}},{"start":{"line":44,"column":8},"end":{"line":44,"column":8}}]},"3":{"line":59,"type":"if","locations":[{"start":{"line":59,"column":8},"end":{"line":59,"column":8}},{"start":{"line":59,"column":8},"end":{"line":59,"column":8}}]},"4":{"line":70,"type":"if","locations":[{"start":{"line":70,"column":8},"end":{"line":70,"column":8}},{"start":{"line":70,"column":8},"end":{"line":70,"column":8}}]},"5":{"line":84,"type":"if","locations":[{"start":{"line":84,"column":8},"end":{"line":84,"column":8}},{"start":{"line":84,"column":8},"end":{"line":84,"column":8}}]},"6":{"line":85,"type":"if","locations":[{"start":{"line":85,"column":8},"end":{"line":85,"column":8}},{"start":{"line":85,"column":8},"end":{"line":85,"column":8}}]},"7":{"line":98,"type":"if","locations":[{"start":{"line":98,"column":8},"end":{"line":98,"column":8}},{"start":{"line":98,"column":8},"end":{"line":98,"column":8}}]},"8":{"line":109,"type":"if","locations":[{"start":{"line":109,"column":8},"end":{"line":109,"column":8}},{"start":{"line":109,"column":8},"end":{"line":109,"column":8}}]},"9":{"line":133,"type":"if","locations":[{"start":{"line":133,"column":8},"end":{"line":133,"column":8}},{"start":{"line":133,"column":8},"end":{"line":133,"column":8}}]},"10":{"line":206,"type":"if","locations":[{"start":{"line":206,"column":8},"end":{"line":206,"column":8}},{"start":{"line":206,"column":8},"end":{"line":206,"column":8}}]},"11":{"line":207,"type":"if","locations":[{"start":{"line":207,"column":8},"end":{"line":207,"column":8}},{"start":{"line":207,"column":8},"end":{"line":207,"column":8}}]},"12":{"line":224,"type":"if","locations":[{"start":{"line":224,"column":8},"end":{"line":224,"column":8}},{"start":{"line":224,"column":8},"end":{"line":224,"column":8}}]},"13":{"line":231,"type":"if","locations":[{"start":{"line":231,"column":8},"end":{"line":231,"column":8}},{"start":{"line":231,"column":8},"end":{"line":231,"column":8}}]}}},"contracts/Trust.sol":{"l":{"33":4,"34":4,"35":4,"36":4,"46":6,"47":4,"48":4,"49":4,"58":1,"59":1,"60":1,"69":2,"70":1,"71":1,"72":1,"73":1,"74":1,"85":2,"86":2,"87":1,"88":1,"99":2,"100":1,"101":1,"102":1,"109":1,"120":2,"121":1,"130":23,"131":21,"136":9,"137":8,"142":6,"143":5},"path":"/mnt/c/Users/Steven/MyBit-Trust.tech/contracts/Trust.sol","s":{"1":4,"2":4,"3":4,"4":4,"5":6,"6":4,"7":4,"8":4,"9":1,"10":1,"11":2,"12":1,"13":1,"14":1,"15":2,"16":2,"17":1,"18":1,"19":2,"20":1,"21":1,"22":1,"23":1,"24":2,"25":1,"26":1,"27":23,"28":9,"29":6},"b":{"1":[4,2],"2":[1,1],"3":[1,1],"4":[1,1],"5":[21,2],"6":[8,1],"7":[5,1]},"f":{"1":4,"2":6,"3":1,"4":2,"5":2,"6":2,"7":1,"8":2,"9":23,"10":9,"11":6},"fnMap":{"1":{"name":null,"line":31,"loc":{"start":{"line":31,"column":1},"end":{"line":32,"column":9}}},"2":{"name":"depositTrust","line":41,"loc":{"start":{"line":41,"column":1},"end":{"line":45,"column":10}}},"3":{"name":"revoke","line":53,"loc":{"start":{"line":53,"column":1},"end":{"line":57,"column":14}}},"4":{"name":"withdraw","line":64,"loc":{"start":{"line":64,"column":1},"end":{"line":68,"column":17}}},"5":{"name":"changeExpiration","line":79,"loc":{"start":{"line":79,"column":1},"end":{"line":84,"column":16}}},"6":{"name":"changeBeneficiary","line":93,"loc":{"start":{"line":93,"column":1},"end":{"line":98,"column":16}}},"7":{"name":null,"line":106,"loc":{"start":{"line":106,"column":1},"end":{"line":108,"column":10}}},"8":{"name":"secUntilExpiration","line":117,"loc":{"start":{"line":117,"column":1},"end":{"line":120,"column":17}}},"9":{"name":"lessThan","line":130,"loc":{"start":{"line":130,"column":1},"end":{"line":130,"column":37}}},"10":{"name":"onlySender","line":136,"loc":{"start":{"line":136,"column":1},"end":{"line":136,"column":46}}},"11":{"name":"isRevocable","line":142,"loc":{"start":{"line":142,"column":1},"end":{"line":142,"column":22}}}},"statementMap":{"1":{"start":{"line":33,"column":2},"end":{"line":33,"column":19}},"2":{"start":{"line":34,"column":2},"end":{"line":34,"column":27}},"3":{"start":{"line":35,"column":2},"end":{"line":35,"column":23}},"4":{"start":{"line":36,"column":2},"end":{"line":36,"column":46}},"5":{"start":{"line":46,"column":2},"end":{"line":46,"column":27}},"6":{"start":{"line":47,"column":2},"end":{"line":47,"column":24}},"7":{"start":{"line":48,"column":3},"end":{"line":48,"column":44}},"8":{"start":{"line":49,"column":3},"end":{"line":49,"column":41}},"9":{"start":{"line":58,"column":2},"end":{"line":58,"column":48}},"10":{"start":{"line":60,"column":2},"end":{"line":60,"column":25}},"11":{"start":{"line":69,"column":2},"end":{"line":69,"column":26}},"12":{"start":{"line":70,"column":2},"end":{"line":70,"column":27}},"13":{"start":{"line":73,"column":2},"end":{"line":73,"column":39}},"14":{"start":{"line":74,"column":2},"end":{"line":74,"column":13}},"15":{"start":{"line":85,"column":2},"end":{"line":85,"column":32}},"16":{"start":{"line":86,"column":2},"end":{"line":86,"column":45}},"17":{"start":{"line":87,"column":2},"end":{"line":87,"column":54}},"18":{"start":{"line":88,"column":2},"end":{"line":88,"column":13}},"19":{"start":{"line":99,"column":2},"end":{"line":99,"column":36}},"20":{"start":{"line":100,"column":2},"end":{"line":100,"column":51}},"21":{"start":{"line":101,"column":2},"end":{"line":101,"column":27}},"22":{"start":{"line":102,"column":2},"end":{"line":102,"column":13}},"23":{"start":{"line":109,"column":2},"end":{"line":109,"column":9}},"24":{"start":{"line":121,"column":2},"end":{"line":121,"column":48}},"25":{"start":{"line":121,"column":38},"end":{"line":121,"column":46}},"26":{"start":{"line":122,"column":2},"end":{"line":122,"column":40}},"27":{"start":{"line":131,"column":2},"end":{"line":131,"column":17}},"28":{"start":{"line":137,"column":2},"end":{"line":137,"column":39}},"29":{"start":{"line":143,"column":2},"end":{"line":143,"column":19}}},"branchMap":{"1":{"line":46,"type":"if","locations":[{"start":{"line":46,"column":2},"end":{"line":46,"column":2}},{"start":{"line":46,"column":2},"end":{"line":46,"column":2}}]},"2":{"line":69,"type":"if","locations":[{"start":{"line":69,"column":2},"end":{"line":69,"column":2}},{"start":{"line":69,"column":2},"end":{"line":69,"column":2}}]},"3":{"line":99,"type":"if","locations":[{"start":{"line":99,"column":2},"end":{"line":99,"column":2}},{"start":{"line":99,"column":2},"end":{"line":99,"column":2}}]},"4":{"line":121,"type":"if","locations":[{"start":{"line":121,"column":2},"end":{"line":121,"column":2}},{"start":{"line":121,"column":2},"end":{"line":121,"column":2}}]},"5":{"line":131,"type":"if","locations":[{"start":{"line":131,"column":2},"end":{"line":131,"column":2}},{"start":{"line":131,"column":2},"end":{"line":131,"column":2}}]},"6":{"line":137,"type":"if","locations":[{"start":{"line":137,"column":2},"end":{"line":137,"column":2}},{"start":{"line":137,"column":2},"end":{"line":137,"column":2}}]},"7":{"line":143,"type":"if","locations":[{"start":{"line":143,"column":2},"end":{"line":143,"column":2}},{"start":{"line":143,"column":2},"end":{"line":143,"column":2}}]}}},"contracts/TrustERC20.sol":{"l":{"35":5,"36":5,"37":5,"38":5,"39":5,"50":5,"51":4,"52":2,"53":2,"54":2,"55":2,"64":1,"65":1,"66":1,"67":1,"76":2,"77":1,"78":1,"79":1,"80":1,"81":1,"92":1,"93":1,"94":1,"95":1,"106":2,"107":1,"108":1,"109":1,"116":1,"127":2,"128":1,"137":20,"138":18,"143":8,"144":7,"149":5,"150":4},"path":"/mnt/c/Users/Steven/MyBit-Trust.tech/contracts/TrustERC20.sol","s":{"1":5,"2":5,"3":5,"4":5,"5":5,"6":5,"7":4,"8":2,"9":2,"10":2,"11":1,"12":1,"13":2,"14":1,"15":1,"16":1,"17":1,"18":1,"19":1,"20":1,"21":2,"22":1,"23":1,"24":1,"25":1,"26":2,"27":1,"28":1,"29":20,"30":8,"31":5},"b":{"1":[4,1],"2":[2,2],"3":[1,1],"4":[1,1],"5":[1,1],"6":[18,2],"7":[7,1],"8":[4,1]},"f":{"1":5,"2":5,"3":1,"4":2,"5":1,"6":2,"7":1,"8":2,"9":20,"10":8,"11":5},"fnMap":{"1":{"name":null,"line":33,"loc":{"start":{"line":33,"column":1},"end":{"line":34,"column":9}}},"2":{"name":"depositTrust","line":45,"loc":{"start":{"line":45,"column":1},"end":{"line":49,"column":10}}},"3":{"name":"revoke","line":59,"loc":{"start":{"line":59,"column":1},"end":{"line":63,"column":14}}},"4":{"name":"withdraw","line":71,"loc":{"start":{"line":71,"column":1},"end":{"line":75,"column":17}}},"5":{"name":"changeExpiration","line":86,"loc":{"start":{"line":86,"column":1},"end":{"line":91,"column":16}}},"6":{"name":"changeBeneficiary","line":100,"loc":{"start":{"line":100,"column":1},"end":{"line":105,"column":16}}},"7":{"name":null,"line":113,"loc":{"start":{"line":113,"column":1},"end":{"line":115,"column":10}}},"8":{"name":"secUntilExpiration","line":124,"loc":{"start":{"line":124,"column":1},"end":{"line":127,"column":17}}},"9":{"name":"lessThan","line":137,"loc":{"start":{"line":137,"column":1},"end":{"line":137,"column":37}}},"10":{"name":"onlySender","line":143,"loc":{"start":{"line":143,"column":1},"end":{"line":143,"column":46}}},"11":{"name":"isRevocable","line":149,"loc":{"start":{"line":149,"column":1},"end":{"line":149,"column":22}}}},"statementMap":{"1":{"start":{"line":35,"column":2},"end":{"line":35,"column":19}},"2":{"start":{"line":36,"column":2},"end":{"line":36,"column":27}},"3":{"start":{"line":37,"column":2},"end":{"line":37,"column":23}},"4":{"start":{"line":38,"column":2},"end":{"line":38,"column":46}},"5":{"start":{"line":39,"column":2},"end":{"line":39,"column":37}},"6":{"start":{"line":50,"column":2},"end":{"line":50,"column":27}},"7":{"start":{"line":51,"column":2},"end":{"line":51,"column":48}},"8":{"start":{"line":52,"column":2},"end":{"line":52,"column":24}},"9":{"start":{"line":53,"column":2},"end":{"line":53,"column":41}},"10":{"start":{"line":55,"column":2},"end":{"line":55,"column":38}},"11":{"start":{"line":65,"column":2},"end":{"line":65,"column":48}},"12":{"start":{"line":67,"column":2},"end":{"line":67,"column":25}},"13":{"start":{"line":76,"column":2},"end":{"line":76,"column":26}},"14":{"start":{"line":77,"column":2},"end":{"line":77,"column":27}},"15":{"start":{"line":80,"column":2},"end":{"line":80,"column":39}},"16":{"start":{"line":81,"column":2},"end":{"line":81,"column":13}},"17":{"start":{"line":92,"column":2},"end":{"line":92,"column":32}},"18":{"start":{"line":93,"column":2},"end":{"line":93,"column":43}},"19":{"start":{"line":94,"column":2},"end":{"line":94,"column":54}},"20":{"start":{"line":95,"column":2},"end":{"line":95,"column":13}},"21":{"start":{"line":106,"column":2},"end":{"line":106,"column":36}},"22":{"start":{"line":107,"column":2},"end":{"line":107,"column":51}},"23":{"start":{"line":108,"column":2},"end":{"line":108,"column":27}},"24":{"start":{"line":109,"column":2},"end":{"line":109,"column":13}},"25":{"start":{"line":116,"column":2},"end":{"line":116,"column":9}},"26":{"start":{"line":128,"column":2},"end":{"line":128,"column":48}},"27":{"start":{"line":128,"column":38},"end":{"line":128,"column":46}},"28":{"start":{"line":129,"column":2},"end":{"line":129,"column":40}},"29":{"start":{"line":138,"column":2},"end":{"line":138,"column":17}},"30":{"start":{"line":144,"column":2},"end":{"line":144,"column":39}},"31":{"start":{"line":150,"column":2},"end":{"line":150,"column":19}}},"branchMap":{"1":{"line":50,"type":"if","locations":[{"start":{"line":50,"column":2},"end":{"line":50,"column":2}},{"start":{"line":50,"column":2},"end":{"line":50,"column":2}}]},"2":{"line":51,"type":"if","locations":[{"start":{"line":51,"column":2},"end":{"line":51,"column":2}},{"start":{"line":51,"column":2},"end":{"line":51,"column":2}}]},"3":{"line":76,"type":"if","locations":[{"start":{"line":76,"column":2},"end":{"line":76,"column":2}},{"start":{"line":76,"column":2},"end":{"line":76,"column":2}}]},"4":{"line":106,"type":"if","locations":[{"start":{"line":106,"column":2},"end":{"line":106,"column":2}},{"start":{"line":106,"column":2},"end":{"line":106,"column":2}}]},"5":{"line":128,"type":"if","locations":[{"start":{"line":128,"column":2},"end":{"line":128,"column":2}},{"start":{"line":128,"column":2},"end":{"line":128,"column":2}}]},"6":{"line":138,"type":"if","locations":[{"start":{"line":138,"column":2},"end":{"line":138,"column":2}},{"start":{"line":138,"column":2},"end":{"line":138,"column":2}}]},"7":{"line":144,"type":"if","locations":[{"start":{"line":144,"column":2},"end":{"line":144,"column":2}},{"start":{"line":144,"column":2},"end":{"line":144,"column":2}}]},"8":{"line":150,"type":"if","locations":[{"start":{"line":150,"column":2},"end":{"line":150,"column":2}},{"start":{"line":150,"column":2},"end":{"line":150,"column":2}}]}}},"contracts/TrustERC721.sol":{"l":{"37":4,"38":4,"39":4,"40":4,"41":4,"51":4,"52":3,"53":2,"54":2,"55":2,"56":2,"65":1,"66":1,"67":1,"68":1,"69":1,"78":2,"79":1,"80":1,"81":1,"82":1,"83":1,"84":1,"95":1,"96":1,"97":1,"98":1,"109":2,"110":1,"111":1,"112":1,"119":1,"130":2,"131":1,"140":14,"141":12,"146":8,"147":7,"152":5,"153":4},"path":"/mnt/c/Users/Steven/MyBit-Trust.tech/contracts/TrustERC721.sol","s":{"1":4,"2":4,"3":4,"4":4,"5":4,"6":4,"7":3,"8":2,"9":2,"10":2,"11":1,"12":1,"13":1,"14":2,"15":1,"16":1,"17":1,"18":1,"19":1,"20":1,"21":1,"22":1,"23":2,"24":1,"25":1,"26":1,"27":1,"28":2,"29":1,"30":1,"31":14,"32":8,"33":5},"b":{"1":[3,1],"2":[2,1],"3":[1,1],"4":[1,1],"5":[1,1],"6":[12,2],"7":[7,1],"8":[4,1]},"f":{"1":4,"2":4,"3":1,"4":2,"5":1,"6":2,"7":1,"8":2,"9":14,"10":8,"11":5},"fnMap":{"1":{"name":null,"line":35,"loc":{"start":{"line":35,"column":1},"end":{"line":36,"column":9}}},"2":{"name":"depositTrust","line":47,"loc":{"start":{"line":47,"column":1},"end":{"line":50,"column":10}}},"3":{"name":"revoke","line":60,"loc":{"start":{"line":60,"column":1},"end":{"line":64,"column":14}}},"4":{"name":"withdraw","line":73,"loc":{"start":{"line":73,"column":1},"end":{"line":77,"column":17}}},"5":{"name":"changeExpiration","line":89,"loc":{"start":{"line":89,"column":1},"end":{"line":94,"column":16}}},"6":{"name":"changeBeneficiary","line":103,"loc":{"start":{"line":103,"column":1},"end":{"line":108,"column":16}}},"7":{"name":null,"line":116,"loc":{"start":{"line":116,"column":1},"end":{"line":118,"column":10}}},"8":{"name":"secUntilExpiration","line":127,"loc":{"start":{"line":127,"column":1},"end":{"line":130,"column":17}}},"9":{"name":"lessThan","line":140,"loc":{"start":{"line":140,"column":1},"end":{"line":140,"column":37}}},"10":{"name":"onlySender","line":146,"loc":{"start":{"line":146,"column":1},"end":{"line":146,"column":46}}},"11":{"name":"isRevocable","line":152,"loc":{"start":{"line":152,"column":1},"end":{"line":152,"column":22}}}},"statementMap":{"1":{"start":{"line":37,"column":2},"end":{"line":37,"column":19}},"2":{"start":{"line":38,"column":2},"end":{"line":38,"column":27}},"3":{"start":{"line":39,"column":2},"end":{"line":39,"column":23}},"4":{"start":{"line":40,"column":2},"end":{"line":40,"column":46}},"5":{"start":{"line":41,"column":2},"end":{"line":41,"column":39}},"6":{"start":{"line":51,"column":2},"end":{"line":51,"column":27}},"7":{"start":{"line":52,"column":2},"end":{"line":52,"column":47}},"8":{"start":{"line":53,"column":2},"end":{"line":53,"column":24}},"9":{"start":{"line":54,"column":2},"end":{"line":54,"column":24}},"10":{"start":{"line":56,"column":2},"end":{"line":56,"column":39}},"11":{"start":{"line":66,"column":2},"end":{"line":66,"column":48}},"12":{"start":{"line":68,"column":2},"end":{"line":68,"column":24}},"13":{"start":{"line":69,"column":2},"end":{"line":69,"column":25}},"14":{"start":{"line":78,"column":2},"end":{"line":78,"column":27}},"15":{"start":{"line":79,"column":2},"end":{"line":79,"column":28}},"16":{"start":{"line":81,"column":2},"end":{"line":81,"column":24}},"17":{"start":{"line":83,"column":2},"end":{"line":83,"column":40}},"18":{"start":{"line":84,"column":2},"end":{"line":84,"column":13}},"19":{"start":{"line":95,"column":2},"end":{"line":95,"column":32}},"20":{"start":{"line":96,"column":2},"end":{"line":96,"column":43}},"21":{"start":{"line":97,"column":2},"end":{"line":97,"column":54}},"22":{"start":{"line":98,"column":2},"end":{"line":98,"column":13}},"23":{"start":{"line":109,"column":2},"end":{"line":109,"column":36}},"24":{"start":{"line":110,"column":2},"end":{"line":110,"column":51}},"25":{"start":{"line":111,"column":2},"end":{"line":111,"column":27}},"26":{"start":{"line":112,"column":2},"end":{"line":112,"column":13}},"27":{"start":{"line":119,"column":2},"end":{"line":119,"column":9}},"28":{"start":{"line":131,"column":2},"end":{"line":131,"column":48}},"29":{"start":{"line":131,"column":38},"end":{"line":131,"column":46}},"30":{"start":{"line":132,"column":2},"end":{"line":132,"column":40}},"31":{"start":{"line":141,"column":2},"end":{"line":141,"column":17}},"32":{"start":{"line":147,"column":2},"end":{"line":147,"column":39}},"33":{"start":{"line":153,"column":2},"end":{"line":153,"column":19}}},"branchMap":{"1":{"line":51,"type":"if","locations":[{"start":{"line":51,"column":2},"end":{"line":51,"column":2}},{"start":{"line":51,"column":2},"end":{"line":51,"column":2}}]},"2":{"line":52,"type":"if","locations":[{"start":{"line":52,"column":2},"end":{"line":52,"column":2}},{"start":{"line":52,"column":2},"end":{"line":52,"column":2}}]},"3":{"line":78,"type":"if","locations":[{"start":{"line":78,"column":2},"end":{"line":78,"column":2}},{"start":{"line":78,"column":2},"end":{"line":78,"column":2}}]},"4":{"line":109,"type":"if","locations":[{"start":{"line":109,"column":2},"end":{"line":109,"column":2}},{"start":{"line":109,"column":2},"end":{"line":109,"column":2}}]},"5":{"line":131,"type":"if","locations":[{"start":{"line":131,"column":2},"end":{"line":131,"column":2}},{"start":{"line":131,"column":2},"end":{"line":131,"column":2}}]},"6":{"line":141,"type":"if","locations":[{"start":{"line":141,"column":2},"end":{"line":141,"column":2}},{"start":{"line":141,"column":2},"end":{"line":141,"column":2}}]},"7":{"line":147,"type":"if","locations":[{"start":{"line":147,"column":2},"end":{"line":147,"column":2}},{"start":{"line":147,"column":2},"end":{"line":147,"column":2}}]},"8":{"line":153,"type":"if","locations":[{"start":{"line":153,"column":2},"end":{"line":153,"column":2}},{"start":{"line":153,"column":2},"end":{"line":153,"column":2}}]}}},"contracts/TrustFactory.sol":{"l":{"24":4,"25":4,"35":8,"36":6,"37":5,"38":4,"39":4,"40":4,"51":7,"52":6,"53":5,"54":5,"65":6,"66":5,"67":4,"68":4,"76":4,"77":3,"84":3,"85":3,"86":3,"93":1,"103":9,"104":7},"path":"/mnt/c/Users/Steven/MyBit-Trust.tech/contracts/TrustFactory.sol","s":{"1":4,"2":4,"3":8,"4":6,"5":5,"6":4,"7":4,"8":7,"9":6,"10":5,"11":5,"12":6,"13":5,"14":4,"15":4,"16":4,"17":3,"18":3,"19":3,"20":3,"21":1,"22":9},"b":{"1":[6,2],"2":[5,1],"3":[4,1],"4":[6,1],"5":[5,1],"6":[5,1],"7":[4,1],"8":[3,1],"9":[7,2]},"f":{"1":4,"2":8,"3":7,"4":6,"5":4,"6":3,"7":1,"8":9},"fnMap":{"1":{"name":null,"line":22,"loc":{"start":{"line":22,"column":2},"end":{"line":23,"column":10}}},"2":{"name":"deployTrust","line":32,"loc":{"start":{"line":32,"column":2},"end":{"line":34,"column":11}}},"3":{"name":"createTrustERC20","line":48,"loc":{"start":{"line":48,"column":2},"end":{"line":50,"column":10}}},"4":{"name":"createTrustERC721","line":62,"loc":{"start":{"line":62,"column":2},"end":{"line":64,"column":10}}},"5":{"name":"closeFactory","line":73,"loc":{"start":{"line":73,"column":2},"end":{"line":75,"column":12}}},"6":{"name":"changeMYBFee","line":81,"loc":{"start":{"line":81,"column":2},"end":{"line":83,"column":12}}},"7":{"name":null,"line":90,"loc":{"start":{"line":90,"column":2},"end":{"line":92,"column":10}}},"8":{"name":"onlyOwner","line":102,"loc":{"start":{"line":102,"column":2},"end":{"line":102,"column":20}}}},"statementMap":{"1":{"start":{"line":24,"column":4},"end":{"line":24,"column":21}},"2":{"start":{"line":25,"column":4},"end":{"line":25,"column":43}},"3":{"start":{"line":35,"column":4},"end":{"line":35,"column":25}},"4":{"start":{"line":36,"column":4},"end":{"line":36,"column":20}},"5":{"start":{"line":37,"column":4},"end":{"line":37,"column":46}},"6":{"start":{"line":38,"column":4},"end":{"line":38,"column":81}},"7":{"start":{"line":40,"column":4},"end":{"line":40,"column":76}},"8":{"start":{"line":51,"column":4},"end":{"line":51,"column":20}},"9":{"start":{"line":52,"column":4},"end":{"line":52,"column":46}},"10":{"start":{"line":53,"column":4},"end":{"line":53,"column":114}},"11":{"start":{"line":54,"column":4},"end":{"line":54,"column":70}},"12":{"start":{"line":65,"column":4},"end":{"line":65,"column":20}},"13":{"start":{"line":66,"column":4},"end":{"line":66,"column":46}},"14":{"start":{"line":67,"column":4},"end":{"line":67,"column":116}},"15":{"start":{"line":68,"column":4},"end":{"line":68,"column":71}},"16":{"start":{"line":76,"column":4},"end":{"line":76,"column":21}},"17":{"start":{"line":77,"column":4},"end":{"line":77,"column":17}},"18":{"start":{"line":84,"column":4},"end":{"line":84,"column":23}},"19":{"start":{"line":85,"column":4},"end":{"line":85,"column":19}},"20":{"start":{"line":86,"column":4},"end":{"line":86,"column":40}},"21":{"start":{"line":93,"column":2},"end":{"line":93,"column":9}},"22":{"start":{"line":103,"column":4},"end":{"line":103,"column":31}}},"branchMap":{"1":{"line":35,"type":"if","locations":[{"start":{"line":35,"column":4},"end":{"line":35,"column":4}},{"start":{"line":35,"column":4},"end":{"line":35,"column":4}}]},"2":{"line":36,"type":"if","locations":[{"start":{"line":36,"column":4},"end":{"line":36,"column":4}},{"start":{"line":36,"column":4},"end":{"line":36,"column":4}}]},"3":{"line":37,"type":"if","locations":[{"start":{"line":37,"column":4},"end":{"line":37,"column":4}},{"start":{"line":37,"column":4},"end":{"line":37,"column":4}}]},"4":{"line":51,"type":"if","locations":[{"start":{"line":51,"column":4},"end":{"line":51,"column":4}},{"start":{"line":51,"column":4},"end":{"line":51,"column":4}}]},"5":{"line":52,"type":"if","locations":[{"start":{"line":52,"column":4},"end":{"line":52,"column":4}},{"start":{"line":52,"column":4},"end":{"line":52,"column":4}}]},"6":{"line":65,"type":"if","locations":[{"start":{"line":65,"column":4},"end":{"line":65,"column":4}},{"start":{"line":65,"column":4},"end":{"line":65,"column":4}}]},"7":{"line":66,"type":"if","locations":[{"start":{"line":66,"column":4},"end":{"line":66,"column":4}},{"start":{"line":66,"column":4},"end":{"line":66,"column":4}}]},"8":{"line":76,"type":"if","locations":[{"start":{"line":76,"column":4},"end":{"line":76,"column":4}},{"start":{"line":76,"column":4},"end":{"line":76,"column":4}}]},"9":{"line":103,"type":"if","locations":[{"start":{"line":103,"column":4},"end":{"line":103,"column":4}},{"start":{"line":103,"column":4},"end":{"line":103,"column":4}}]}}}}