{"contracts/MyBitBurner.sol":{"l":{"20":2,"21":2,"30":8,"32":7,"33":5,"34":5,"43":4,"44":3,"45":3,"46":3,"55":3,"56":2,"57":2,"58":2,"65":1,"74":10,"75":7},"path":"/home/peter/Documents/Work/MyBit/MyBit-Trust.tech/contracts/MyBitBurner.sol","s":{"1":2,"2":2,"3":8,"4":7,"5":5,"6":5,"7":4,"8":3,"9":3,"10":3,"11":3,"12":2,"13":2,"14":1,"15":10},"b":{"1":[7,1],"2":[5,2],"3":[3,1],"4":[2,1],"5":[7,3]},"f":{"1":2,"2":8,"3":4,"4":3,"5":1,"6":10},"fnMap":{"1":{"name":null,"line":18,"loc":{"start":{"line":18,"column":2},"end":{"line":19,"column":10}}},"2":{"name":"burn","line":27,"loc":{"start":{"line":27,"column":2},"end":{"line":29,"column":18}}},"3":{"name":"authorizeBurner","line":39,"loc":{"start":{"line":39,"column":2},"end":{"line":42,"column":18}}},"4":{"name":"removeBurner","line":51,"loc":{"start":{"line":51,"column":2},"end":{"line":54,"column":18}}},"5":{"name":null,"line":62,"loc":{"start":{"line":62,"column":2},"end":{"line":64,"column":12}}},"6":{"name":"onlyOwner","line":73,"loc":{"start":{"line":73,"column":2},"end":{"line":73,"column":20}}}},"statementMap":{"1":{"start":{"line":20,"column":4},"end":{"line":20,"column":47}},"2":{"start":{"line":21,"column":4},"end":{"line":21,"column":21}},"3":{"start":{"line":30,"column":4},"end":{"line":30,"column":40}},"4":{"start":{"line":32,"column":4},"end":{"line":32,"column":52}},"5":{"start":{"line":33,"column":4},"end":{"line":33,"column":56}},"6":{"start":{"line":34,"column":4},"end":{"line":34,"column":15}},"7":{"start":{"line":43,"column":4},"end":{"line":43,"column":47}},"8":{"start":{"line":44,"column":4},"end":{"line":44,"column":44}},"9":{"start":{"line":45,"column":4},"end":{"line":45,"column":58}},"10":{"start":{"line":46,"column":4},"end":{"line":46,"column":15}},"11":{"start":{"line":55,"column":4},"end":{"line":55,"column":46}},"12":{"start":{"line":57,"column":4},"end":{"line":57,"column":55}},"13":{"start":{"line":58,"column":4},"end":{"line":58,"column":15}},"14":{"start":{"line":65,"column":4},"end":{"line":65,"column":11}},"15":{"start":{"line":74,"column":4},"end":{"line":74,"column":31}}},"branchMap":{"1":{"line":30,"type":"if","locations":[{"start":{"line":30,"column":4},"end":{"line":30,"column":4}},{"start":{"line":30,"column":4},"end":{"line":30,"column":4}}]},"2":{"line":32,"type":"if","locations":[{"start":{"line":32,"column":4},"end":{"line":32,"column":4}},{"start":{"line":32,"column":4},"end":{"line":32,"column":4}}]},"3":{"line":43,"type":"if","locations":[{"start":{"line":43,"column":4},"end":{"line":43,"column":4}},{"start":{"line":43,"column":4},"end":{"line":43,"column":4}}]},"4":{"line":55,"type":"if","locations":[{"start":{"line":55,"column":4},"end":{"line":55,"column":4}},{"start":{"line":55,"column":4},"end":{"line":55,"column":4}}]},"5":{"line":74,"type":"if","locations":[{"start":{"line":74,"column":4},"end":{"line":74,"column":4}},{"start":{"line":74,"column":4},"end":{"line":74,"column":4}}]}}},"contracts/SafeMath.sol":{"l":{"14":3,"15":1,"17":2,"18":2,"19":1,"29":1,"36":63,"37":62,"44":51,"45":51,"46":49},"path":"/home/peter/Documents/Work/MyBit/MyBit-Trust.tech/contracts/SafeMath.sol","s":{"1":3,"2":1,"3":2,"4":2,"5":1,"6":1,"7":63,"8":62,"9":51,"10":51,"11":49},"b":{"1":[1,2],"2":[1,1],"3":[62,1],"4":[49,2]},"f":{"1":3,"2":1,"3":63,"4":51},"fnMap":{"1":{"name":"mul","line":13,"loc":{"start":{"line":13,"column":2},"end":{"line":13,"column":68}}},"2":{"name":"div","line":25,"loc":{"start":{"line":25,"column":2},"end":{"line":25,"column":68}}},"3":{"name":"sub","line":35,"loc":{"start":{"line":35,"column":2},"end":{"line":35,"column":68}}},"4":{"name":"add","line":43,"loc":{"start":{"line":43,"column":2},"end":{"line":43,"column":68}}}},"statementMap":{"1":{"start":{"line":14,"column":4},"end":{"line":14,"column":740}},"2":{"start":{"line":15,"column":6},"end":{"line":15,"column":14}},"3":{"start":{"line":17,"column":4},"end":{"line":17,"column":20}},"4":{"start":{"line":18,"column":4},"end":{"line":18,"column":21}},"5":{"start":{"line":19,"column":4},"end":{"line":19,"column":12}},"6":{"start":{"line":29,"column":4},"end":{"line":29,"column":16}},"7":{"start":{"line":36,"column":4},"end":{"line":36,"column":17}},"8":{"start":{"line":37,"column":4},"end":{"line":37,"column":16}},"9":{"start":{"line":44,"column":4},"end":{"line":44,"column":20}},"10":{"start":{"line":45,"column":4},"end":{"line":45,"column":17}},"11":{"start":{"line":46,"column":4},"end":{"line":46,"column":12}}},"branchMap":{"1":{"line":14,"type":"if","locations":[{"start":{"line":14,"column":4},"end":{"line":14,"column":4}},{"start":{"line":14,"column":4},"end":{"line":14,"column":4}}]},"2":{"line":18,"type":"if","locations":[{"start":{"line":18,"column":4},"end":{"line":18,"column":4}},{"start":{"line":18,"column":4},"end":{"line":18,"column":4}}]},"3":{"line":36,"type":"if","locations":[{"start":{"line":36,"column":4},"end":{"line":36,"column":4}},{"start":{"line":36,"column":4},"end":{"line":36,"column":4}}]},"4":{"line":45,"type":"if","locations":[{"start":{"line":45,"column":4},"end":{"line":45,"column":4}},{"start":{"line":45,"column":4},"end":{"line":45,"column":4}}]}}},"contracts/SafeMathWrapper.sol":{"l":{"9":3,"13":1,"17":2,"21":2},"path":"/home/peter/Documents/Work/MyBit/MyBit-Trust.tech/contracts/SafeMathWrapper.sol","s":{"1":3,"2":1,"3":2,"4":2},"b":{},"f":{"1":3,"2":1,"3":2,"4":2},"fnMap":{"1":{"name":"multiply","line":8,"loc":{"start":{"line":8,"column":2},"end":{"line":8,"column":73}}},"2":{"name":"divide","line":12,"loc":{"start":{"line":12,"column":2},"end":{"line":12,"column":71}}},"3":{"name":"subtract","line":16,"loc":{"start":{"line":16,"column":2},"end":{"line":16,"column":73}}},"4":{"name":"addto","line":20,"loc":{"start":{"line":20,"column":2},"end":{"line":20,"column":70}}}},"statementMap":{"1":{"start":{"line":9,"column":4},"end":{"line":9,"column":19}},"2":{"start":{"line":13,"column":4},"end":{"line":13,"column":19}},"3":{"start":{"line":17,"column":4},"end":{"line":17,"column":19}},"4":{"start":{"line":21,"column":4},"end":{"line":21,"column":19}}},"branchMap":{}},"contracts/token/BurnableERC20.sol":{"l":{},"path":"/home/peter/Documents/Work/MyBit/MyBit-Trust.tech/contracts/token/BurnableERC20.sol","s":{},"b":{},"f":{},"fnMap":{},"statementMap":{},"branchMap":{}},"contracts/token/ERC20.sol":{"l":{"43":3,"44":3,"45":3,"46":3,"47":3,"48":3,"59":40,"60":39,"61":38,"62":38,"63":38,"64":38,"74":3,"75":2,"76":1,"77":1,"78":1,"79":1,"80":1,"90":7,"91":7,"92":7,"103":0,"104":0,"105":0,"106":0,"116":1,"117":1,"118":1,"119":1,"120":1,"130":9,"131":6,"132":6,"133":6,"134":6,"135":6,"136":6,"146":2,"156":49,"166":3,"177":1},"path":"/home/peter/Documents/Work/MyBit/MyBit-Trust.tech/contracts/token/ERC20.sol","s":{"1":3,"2":3,"3":3,"4":3,"5":3,"6":3,"7":40,"8":39,"9":38,"10":38,"11":38,"12":38,"13":3,"14":2,"15":1,"16":1,"17":1,"18":1,"19":1,"20":7,"21":7,"22":7,"23":0,"24":0,"25":0,"26":0,"27":1,"28":1,"29":1,"30":1,"31":1,"32":9,"33":6,"34":6,"35":6,"36":6,"37":6,"38":6,"39":2,"40":49,"41":3,"42":1},"b":{"1":[39,1],"2":[38,1],"3":[2,1],"4":[1,1],"5":[6,3]},"f":{"1":3,"2":40,"3":3,"4":7,"5":0,"6":1,"7":9,"8":2,"9":49,"10":3,"11":1},"fnMap":{"1":{"name":null,"line":41,"loc":{"start":{"line":41,"column":4},"end":{"line":42,"column":12}}},"2":{"name":"transfer","line":56,"loc":{"start":{"line":56,"column":4},"end":{"line":58,"column":28}}},"3":{"name":"transferFrom","line":71,"loc":{"start":{"line":71,"column":4},"end":{"line":73,"column":28}}},"4":{"name":"approve","line":87,"loc":{"start":{"line":87,"column":4},"end":{"line":89,"column":28}}},"5":{"name":"approveAndCall","line":100,"loc":{"start":{"line":100,"column":4},"end":{"line":102,"column":28}}},"6":{"name":"burn","line":113,"loc":{"start":{"line":113,"column":4},"end":{"line":115,"column":28}}},"7":{"name":"burnFrom","line":127,"loc":{"start":{"line":127,"column":4},"end":{"line":129,"column":28}}},"8":{"name":"totalSupply","line":142,"loc":{"start":{"line":142,"column":4},"end":{"line":145,"column":32}}},"9":{"name":"balanceOf","line":152,"loc":{"start":{"line":152,"column":4},"end":{"line":155,"column":28}}},"10":{"name":"allowance","line":162,"loc":{"start":{"line":162,"column":4},"end":{"line":165,"column":30}}},"11":{"name":null,"line":174,"loc":{"start":{"line":174,"column":4},"end":{"line":176,"column":13}}}},"statementMap":{"1":{"start":{"line":43,"column":8},"end":{"line":43,"column":44}},"2":{"start":{"line":44,"column":8},"end":{"line":44,"column":30}},"3":{"start":{"line":45,"column":8},"end":{"line":45,"column":24}},"4":{"start":{"line":46,"column":8},"end":{"line":46,"column":31}},"5":{"start":{"line":47,"column":8},"end":{"line":47,"column":28}},"6":{"start":{"line":48,"column":8},"end":{"line":48,"column":61}},"7":{"start":{"line":59,"column":8},"end":{"line":59,"column":33}},"8":{"start":{"line":60,"column":8},"end":{"line":60,"column":36}},"9":{"start":{"line":61,"column":8},"end":{"line":61,"column":63}},"10":{"start":{"line":62,"column":8},"end":{"line":62,"column":49}},"11":{"start":{"line":63,"column":8},"end":{"line":63,"column":47}},"12":{"start":{"line":64,"column":8},"end":{"line":64,"column":19}},"13":{"start":{"line":74,"column":8},"end":{"line":74,"column":33}},"14":{"start":{"line":75,"column":8},"end":{"line":75,"column":36}},"15":{"start":{"line":76,"column":8},"end":{"line":76,"column":53}},"16":{"start":{"line":77,"column":8},"end":{"line":77,"column":75}},"17":{"start":{"line":78,"column":8},"end":{"line":78,"column":49}},"18":{"start":{"line":79,"column":8},"end":{"line":79,"column":42}},"19":{"start":{"line":80,"column":8},"end":{"line":80,"column":19}},"20":{"start":{"line":90,"column":8},"end":{"line":90,"column":46}},"21":{"start":{"line":91,"column":8},"end":{"line":91,"column":52}},"22":{"start":{"line":92,"column":8},"end":{"line":92,"column":19}},"23":{"start":{"line":103,"column":8},"end":{"line":103,"column":46}},"24":{"start":{"line":104,"column":8},"end":{"line":104,"column":52}},"25":{"start":{"line":105,"column":8},"end":{"line":105,"column":39}},"26":{"start":{"line":106,"column":8},"end":{"line":106,"column":19}},"27":{"start":{"line":116,"column":8},"end":{"line":116,"column":63}},"28":{"start":{"line":117,"column":8},"end":{"line":117,"column":35}},"29":{"start":{"line":118,"column":8},"end":{"line":118,"column":41}},"30":{"start":{"line":119,"column":8},"end":{"line":119,"column":54}},"31":{"start":{"line":120,"column":8},"end":{"line":120,"column":19}},"32":{"start":{"line":130,"column":8},"end":{"line":130,"column":53}},"33":{"start":{"line":131,"column":8},"end":{"line":131,"column":53}},"34":{"start":{"line":132,"column":8},"end":{"line":132,"column":75}},"35":{"start":{"line":133,"column":8},"end":{"line":133,"column":35}},"36":{"start":{"line":134,"column":8},"end":{"line":134,"column":36}},"37":{"start":{"line":135,"column":8},"end":{"line":135,"column":49}},"38":{"start":{"line":136,"column":8},"end":{"line":136,"column":19}},"39":{"start":{"line":146,"column":8},"end":{"line":146,"column":21}},"40":{"start":{"line":156,"column":8},"end":{"line":156,"column":37}},"41":{"start":{"line":166,"column":8},"end":{"line":166,"column":46}},"42":{"start":{"line":177,"column":8},"end":{"line":177,"column":15}}},"branchMap":{"1":{"line":59,"type":"if","locations":[{"start":{"line":59,"column":8},"end":{"line":59,"column":8}},{"start":{"line":59,"column":8},"end":{"line":59,"column":8}}]},"2":{"line":60,"type":"if","locations":[{"start":{"line":60,"column":8},"end":{"line":60,"column":8}},{"start":{"line":60,"column":8},"end":{"line":60,"column":8}}]},"3":{"line":74,"type":"if","locations":[{"start":{"line":74,"column":8},"end":{"line":74,"column":8}},{"start":{"line":74,"column":8},"end":{"line":74,"column":8}}]},"4":{"line":75,"type":"if","locations":[{"start":{"line":75,"column":8},"end":{"line":75,"column":8}},{"start":{"line":75,"column":8},"end":{"line":75,"column":8}}]},"5":{"line":130,"type":"if","locations":[{"start":{"line":130,"column":8},"end":{"line":130,"column":8}},{"start":{"line":130,"column":8},"end":{"line":130,"column":8}}]}}},"contracts/token/ERC20Interface.sol":{"l":{},"path":"/home/peter/Documents/Work/MyBit/MyBit-Trust.tech/contracts/token/ERC20Interface.sol","s":{},"b":{},"f":{},"fnMap":{},"statementMap":{},"branchMap":{}},"contracts/Trust.sol":{"l":{"33":4,"34":4,"35":4,"36":4,"46":6,"47":4,"48":4,"49":4,"58":1,"59":1,"60":1,"69":2,"70":1,"71":1,"72":1,"73":1,"74":1,"85":2,"86":2,"87":1,"88":1,"99":2,"100":1,"101":1,"102":1,"109":1,"120":3,"121":1,"130":23,"131":22,"136":10,"137":8,"142":6,"143":5},"path":"/home/peter/Documents/Work/MyBit/MyBit-Trust.tech/contracts/Trust.sol","s":{"1":4,"2":4,"3":4,"4":4,"5":6,"6":4,"7":4,"8":4,"9":1,"10":1,"11":2,"12":1,"13":1,"14":1,"15":2,"16":2,"17":1,"18":1,"19":2,"20":1,"21":1,"22":1,"23":1,"24":3,"25":2,"26":1,"27":23,"28":10,"29":6},"b":{"1":[4,2],"2":[1,1],"3":[1,1],"4":[2,1],"5":[22,1],"6":[8,2],"7":[5,1]},"f":{"1":4,"2":6,"3":1,"4":2,"5":2,"6":2,"7":1,"8":3,"9":23,"10":10,"11":6},"fnMap":{"1":{"name":null,"line":31,"loc":{"start":{"line":31,"column":1},"end":{"line":32,"column":9}}},"2":{"name":"depositTrust","line":41,"loc":{"start":{"line":41,"column":1},"end":{"line":45,"column":10}}},"3":{"name":"revoke","line":53,"loc":{"start":{"line":53,"column":1},"end":{"line":57,"column":14}}},"4":{"name":"withdraw","line":64,"loc":{"start":{"line":64,"column":1},"end":{"line":68,"column":17}}},"5":{"name":"changeExpiration","line":79,"loc":{"start":{"line":79,"column":1},"end":{"line":84,"column":16}}},"6":{"name":"changeBeneficiary","line":93,"loc":{"start":{"line":93,"column":1},"end":{"line":98,"column":16}}},"7":{"name":null,"line":106,"loc":{"start":{"line":106,"column":1},"end":{"line":108,"column":10}}},"8":{"name":"blocksUntilExpiration","line":117,"loc":{"start":{"line":117,"column":1},"end":{"line":120,"column":17}}},"9":{"name":"lessThan","line":130,"loc":{"start":{"line":130,"column":1},"end":{"line":130,"column":37}}},"10":{"name":"onlySender","line":136,"loc":{"start":{"line":136,"column":1},"end":{"line":136,"column":46}}},"11":{"name":"isRevocable","line":142,"loc":{"start":{"line":142,"column":1},"end":{"line":142,"column":22}}}},"statementMap":{"1":{"start":{"line":33,"column":2},"end":{"line":33,"column":19}},"2":{"start":{"line":34,"column":2},"end":{"line":34,"column":27}},"3":{"start":{"line":35,"column":2},"end":{"line":35,"column":23}},"4":{"start":{"line":36,"column":2},"end":{"line":36,"column":43}},"5":{"start":{"line":46,"column":2},"end":{"line":46,"column":27}},"6":{"start":{"line":47,"column":2},"end":{"line":47,"column":24}},"7":{"start":{"line":48,"column":3},"end":{"line":48,"column":44}},"8":{"start":{"line":49,"column":3},"end":{"line":49,"column":41}},"9":{"start":{"line":58,"column":2},"end":{"line":58,"column":48}},"10":{"start":{"line":60,"column":2},"end":{"line":60,"column":25}},"11":{"start":{"line":69,"column":2},"end":{"line":69,"column":26}},"12":{"start":{"line":70,"column":2},"end":{"line":70,"column":27}},"13":{"start":{"line":73,"column":2},"end":{"line":73,"column":39}},"14":{"start":{"line":74,"column":2},"end":{"line":74,"column":13}},"15":{"start":{"line":85,"column":2},"end":{"line":85,"column":32}},"16":{"start":{"line":86,"column":2},"end":{"line":86,"column":42}},"17":{"start":{"line":87,"column":2},"end":{"line":87,"column":54}},"18":{"start":{"line":88,"column":2},"end":{"line":88,"column":13}},"19":{"start":{"line":99,"column":2},"end":{"line":99,"column":36}},"20":{"start":{"line":100,"column":2},"end":{"line":100,"column":51}},"21":{"start":{"line":101,"column":2},"end":{"line":101,"column":27}},"22":{"start":{"line":102,"column":2},"end":{"line":102,"column":13}},"23":{"start":{"line":109,"column":2},"end":{"line":109,"column":9}},"24":{"start":{"line":121,"column":2},"end":{"line":121,"column":45}},"25":{"start":{"line":121,"column":35},"end":{"line":121,"column":43}},"26":{"start":{"line":122,"column":2},"end":{"line":122,"column":37}},"27":{"start":{"line":131,"column":2},"end":{"line":131,"column":17}},"28":{"start":{"line":137,"column":2},"end":{"line":137,"column":39}},"29":{"start":{"line":143,"column":2},"end":{"line":143,"column":19}}},"branchMap":{"1":{"line":46,"type":"if","locations":[{"start":{"line":46,"column":2},"end":{"line":46,"column":2}},{"start":{"line":46,"column":2},"end":{"line":46,"column":2}}]},"2":{"line":69,"type":"if","locations":[{"start":{"line":69,"column":2},"end":{"line":69,"column":2}},{"start":{"line":69,"column":2},"end":{"line":69,"column":2}}]},"3":{"line":99,"type":"if","locations":[{"start":{"line":99,"column":2},"end":{"line":99,"column":2}},{"start":{"line":99,"column":2},"end":{"line":99,"column":2}}]},"4":{"line":121,"type":"if","locations":[{"start":{"line":121,"column":2},"end":{"line":121,"column":2}},{"start":{"line":121,"column":2},"end":{"line":121,"column":2}}]},"5":{"line":131,"type":"if","locations":[{"start":{"line":131,"column":2},"end":{"line":131,"column":2}},{"start":{"line":131,"column":2},"end":{"line":131,"column":2}}]},"6":{"line":137,"type":"if","locations":[{"start":{"line":137,"column":2},"end":{"line":137,"column":2}},{"start":{"line":137,"column":2},"end":{"line":137,"column":2}}]},"7":{"line":143,"type":"if","locations":[{"start":{"line":143,"column":2},"end":{"line":143,"column":2}},{"start":{"line":143,"column":2},"end":{"line":143,"column":2}}]}}},"contracts/TrustFactory.sol":{"l":{"22":1,"23":1,"33":8,"34":6,"35":5,"36":4,"37":4,"38":4,"46":2,"47":1,"54":3,"55":3,"56":3,"63":1,"73":7,"74":5},"path":"/home/peter/Documents/Work/MyBit/MyBit-Trust.tech/contracts/TrustFactory.sol","s":{"1":1,"2":1,"3":8,"4":6,"5":5,"6":4,"7":4,"8":2,"9":1,"10":3,"11":3,"12":3,"13":1,"14":7},"b":{"1":[6,2],"2":[5,1],"3":[4,1],"4":[1,1],"5":[5,2]},"f":{"1":1,"2":8,"3":2,"4":3,"5":1,"6":7},"fnMap":{"1":{"name":null,"line":20,"loc":{"start":{"line":20,"column":2},"end":{"line":21,"column":10}}},"2":{"name":"deployTrust","line":30,"loc":{"start":{"line":30,"column":2},"end":{"line":32,"column":11}}},"3":{"name":"closeFactory","line":43,"loc":{"start":{"line":43,"column":2},"end":{"line":45,"column":12}}},"4":{"name":"changeMYBFee","line":51,"loc":{"start":{"line":51,"column":2},"end":{"line":53,"column":12}}},"5":{"name":null,"line":60,"loc":{"start":{"line":60,"column":2},"end":{"line":62,"column":10}}},"6":{"name":"onlyOwner","line":72,"loc":{"start":{"line":72,"column":2},"end":{"line":72,"column":20}}}},"statementMap":{"1":{"start":{"line":22,"column":4},"end":{"line":22,"column":21}},"2":{"start":{"line":23,"column":4},"end":{"line":23,"column":43}},"3":{"start":{"line":33,"column":4},"end":{"line":33,"column":25}},"4":{"start":{"line":34,"column":4},"end":{"line":34,"column":20}},"5":{"start":{"line":35,"column":4},"end":{"line":35,"column":46}},"6":{"start":{"line":36,"column":4},"end":{"line":36,"column":92}},"7":{"start":{"line":38,"column":4},"end":{"line":38,"column":76}},"8":{"start":{"line":46,"column":4},"end":{"line":46,"column":21}},"9":{"start":{"line":47,"column":4},"end":{"line":47,"column":17}},"10":{"start":{"line":54,"column":4},"end":{"line":54,"column":23}},"11":{"start":{"line":55,"column":4},"end":{"line":55,"column":19}},"12":{"start":{"line":56,"column":4},"end":{"line":56,"column":40}},"13":{"start":{"line":63,"column":2},"end":{"line":63,"column":9}},"14":{"start":{"line":73,"column":4},"end":{"line":73,"column":31}}},"branchMap":{"1":{"line":33,"type":"if","locations":[{"start":{"line":33,"column":4},"end":{"line":33,"column":4}},{"start":{"line":33,"column":4},"end":{"line":33,"column":4}}]},"2":{"line":34,"type":"if","locations":[{"start":{"line":34,"column":4},"end":{"line":34,"column":4}},{"start":{"line":34,"column":4},"end":{"line":34,"column":4}}]},"3":{"line":35,"type":"if","locations":[{"start":{"line":35,"column":4},"end":{"line":35,"column":4}},{"start":{"line":35,"column":4},"end":{"line":35,"column":4}}]},"4":{"line":46,"type":"if","locations":[{"start":{"line":46,"column":4},"end":{"line":46,"column":4}},{"start":{"line":46,"column":4},"end":{"line":46,"column":4}}]},"5":{"line":73,"type":"if","locations":[{"start":{"line":73,"column":4},"end":{"line":73,"column":4}},{"start":{"line":73,"column":4},"end":{"line":73,"column":4}}]}}}}