TN:
SF:/home/peter/Documents/Work/MyBit/dapp-trust/ethereum/contracts/distribution/EqualDistribution.sol
FN:23,
FN:31,getFunds
FN:39,withdraw
FN:51,
FN:63,isBeneficiary
FNF:5
FNH:5
FNDA:1,
FNDA:2,getFunds
FNDA:1,withdraw
FNDA:1,
FNDA:2,isBeneficiary
DA:25,1
DA:34,2
DA:35,0
DA:42,1
DA:43,1
DA:44,1
DA:45,1
DA:46,1
DA:47,1
DA:54,1
DA:67,2
DA:68,5
DA:70,1
LF:13
LH:12
BRDA:34,1,0,0
BRDA:34,1,1,2
BRDA:68,2,0,1
BRDA:68,2,1,4
BRF:4
BRH:3
end_of_record
TN:
SF:/home/peter/Documents/Work/MyBit/dapp-trust/ethereum/contracts/distribution/EqualDistributionLight.sol
FN:33,
FN:50,getFunds
FN:58,withdraw
FN:74,isABeneficiary
FN:89,
FNF:5
FNH:0
FNDA:0,
FNDA:0,getFunds
FNDA:0,withdraw
FNDA:0,isABeneficiary
FNDA:0,
DA:36,0
DA:37,0
DA:38,0
DA:39,0
DA:40,0
DA:41,0
DA:42,0
DA:43,0
DA:53,0
DA:54,0
DA:61,0
DA:62,0
DA:63,0
DA:64,0
DA:65,0
DA:66,0
DA:78,0
DA:79,0
DA:80,0
DA:81,0
DA:82,0
DA:84,0
DA:92,0
LF:23
LH:0
BRDA:36,1,0,0
BRDA:36,1,1,0
BRDA:53,2,0,0
BRDA:53,2,1,0
BRDA:61,3,0,0
BRDA:61,3,1,0
BRDA:79,4,0,0
BRDA:79,4,1,0
BRDA:82,5,0,0
BRDA:82,5,1,0
BRF:10
BRH:0
end_of_record
TN:
SF:/home/peter/Documents/Work/MyBit/dapp-trust/ethereum/contracts/interfaces/PullPayment.sol
FNF:0
FNH:0
LF:0
LH:0
BRF:0
BRH:0
end_of_record
TN:
SF:/home/peter/Documents/Work/MyBit/dapp-trust/ethereum/contracts/MyBitBurner.sol
FN:17,
FN:24,burn
FN:34,authorizeBurner
FN:44,removeBurner
FNF:4
FNH:3
FNDA:1,
FNDA:4,burn
FNDA:1,authorizeBurner
FNDA:0,removeBurner
DA:19,1
DA:20,1
DA:27,4
DA:28,4
DA:29,3
DA:30,3
DA:31,3
DA:37,1
DA:38,1
DA:39,1
DA:40,1
DA:41,1
DA:47,0
DA:48,0
DA:49,0
DA:50,0
LF:16
LH:12
BRDA:27,1,0,4
BRDA:27,1,1,0
BRDA:28,2,0,3
BRDA:28,2,1,1
BRDA:29,3,0,3
BRDA:29,3,1,0
BRDA:37,4,0,1
BRDA:37,4,1,0
BRDA:38,5,0,1
BRDA:38,5,1,0
BRDA:47,6,0,0
BRDA:47,6,1,0
BRDA:48,7,0,0
BRDA:48,7,1,0
BRF:14
BRH:6
end_of_record
TN:
SF:/home/peter/Documents/Work/MyBit/dapp-trust/ethereum/contracts/SafeMath.sol
FN:13,mul
FN:25,div
FN:35,sub
FN:43,add
FN:52,getFractionalAmount
FN:63,bytesToUint
FNF:6
FNH:3
FNDA:0,mul
FNDA:1,div
FNDA:45,sub
FNDA:45,add
FNDA:0,getFractionalAmount
FNDA:0,bytesToUint
DA:14,0
DA:15,0
DA:17,0
DA:18,0
DA:19,0
DA:29,1
DA:36,45
DA:37,45
DA:44,45
DA:45,45
DA:46,44
DA:56,0
DA:64,0
DA:65,0
DA:66,0
DA:68,0
LF:16
LH:6
BRDA:14,1,0,0
BRDA:14,1,1,0
BRDA:18,2,0,0
BRDA:18,2,1,0
BRDA:36,3,0,45
BRDA:36,3,1,0
BRDA:45,4,0,44
BRDA:45,4,1,1
BRF:8
BRH:3
end_of_record
TN:
SF:/home/peter/Documents/Work/MyBit/dapp-trust/ethereum/contracts/token/BurnableERC20.sol
FNF:0
FNH:0
LF:0
LH:0
BRF:0
BRH:0
end_of_record
TN:
SF:/home/peter/Documents/Work/MyBit/dapp-trust/ethereum/contracts/token/ERC20.sol
FN:41,
FN:56,transfer
FN:71,transferFrom
FN:87,approve
FN:100,approveAndCall
FN:113,burn
FN:127,burnFrom
FN:142,totalSupply
FN:152,balanceOf
FN:162,allowance
FN:174,
FNF:11
FNH:7
FNDA:1,
FNDA:34,transfer
FNDA:0,transferFrom
FNDA:3,approve
FNDA:0,approveAndCall
FNDA:0,burn
FNDA:3,burnFrom
FNDA:1,totalSupply
FNDA:38,balanceOf
FNDA:4,allowance
FNDA:0,
DA:43,1
DA:44,1
DA:45,1
DA:46,1
DA:47,1
DA:48,1
DA:59,34
DA:60,34
DA:61,34
DA:62,34
DA:63,34
DA:64,34
DA:74,0
DA:75,0
DA:76,0
DA:77,0
DA:78,0
DA:79,0
DA:80,0
DA:90,3
DA:91,3
DA:92,3
DA:103,0
DA:104,0
DA:105,0
DA:106,0
DA:116,0
DA:117,0
DA:118,0
DA:119,0
DA:120,0
DA:130,3
DA:131,3
DA:132,3
DA:133,3
DA:134,3
DA:135,3
DA:136,3
DA:146,1
DA:156,38
DA:166,4
DA:177,0
LF:42
LH:25
BRDA:59,1,0,34
BRDA:59,1,1,0
BRDA:60,2,0,34
BRDA:60,2,1,0
BRDA:74,3,0,0
BRDA:74,3,1,0
BRDA:75,4,0,0
BRDA:75,4,1,0
BRDA:130,5,0,3
BRDA:130,5,1,0
BRF:10
BRH:3
end_of_record
TN:
SF:/home/peter/Documents/Work/MyBit/dapp-trust/ethereum/contracts/token/ERC20Interface.sol
FNF:0
FNH:0
LF:0
LH:0
BRF:0
BRH:0
end_of_record
TN:
SF:/home/peter/Documents/Work/MyBit/dapp-trust/ethereum/contracts/Trust.sol
FN:33,
FN:42,depositTrust
FN:54,revoke
FN:67,withdraw
FN:82,changeExpiration
FN:96,changeBeneficiary
FN:113,blocksUntilExpiration
FN:126,lessThan
FN:132,onlySender
FN:138,isRevocable
FNF:10
FNH:10
FNDA:3,
FNDA:4,depositTrust
FNDA:1,revoke
FNDA:3,withdraw
FNDA:2,changeExpiration
FNDA:2,changeBeneficiary
FNDA:4,blocksUntilExpiration
FNDA:19,lessThan
FNDA:10,onlySender
FNDA:6,isRevocable
DA:35,3
DA:36,3
DA:37,3
DA:38,3
DA:47,4
DA:48,3
DA:49,3
DA:50,3
DA:59,1
DA:60,1
DA:61,1
DA:62,1
DA:63,1
DA:72,3
DA:73,2
DA:74,2
DA:75,2
DA:76,1
DA:77,1
DA:88,2
DA:89,2
DA:90,1
DA:91,1
DA:102,2
DA:103,1
DA:104,1
DA:105,1
DA:116,4
DA:117,1
DA:126,19
DA:127,18
DA:132,10
DA:133,9
DA:138,6
DA:139,5
LF:35
LH:35
BRDA:47,1,0,3
BRDA:47,1,1,1
BRDA:72,2,0,2
BRDA:72,2,1,1
BRDA:102,3,0,1
BRDA:102,3,1,1
BRDA:117,4,0,3
BRDA:117,4,1,1
BRDA:127,5,0,18
BRDA:127,5,1,1
BRDA:133,6,0,9
BRDA:133,6,1,1
BRDA:139,7,0,5
BRDA:139,7,1,1
BRF:14
BRH:14
end_of_record
TN:
SF:/home/peter/Documents/Work/MyBit/dapp-trust/ethereum/contracts/TrustFactory.sol
FN:21,
FN:31,deployTrust
FN:44,closeFactory
FN:51,changeMYBFee
FNF:4
FNH:4
FNDA:1,
FNDA:6,deployTrust
FNDA:3,closeFactory
FNDA:2,changeMYBFee
DA:23,1
DA:24,1
DA:34,6
DA:35,5
DA:36,4
DA:37,3
DA:38,3
DA:39,3
DA:46,3
DA:47,2
DA:48,1
DA:53,2
DA:54,1
LF:13
LH:13
BRDA:34,1,0,5
BRDA:34,1,1,1
BRDA:35,2,0,4
BRDA:35,2,1,1
BRDA:36,3,0,3
BRDA:36,3,1,1
BRDA:46,4,0,2
BRDA:46,4,1,1
BRDA:47,5,0,1
BRDA:47,5,1,1
BRDA:53,6,0,1
BRDA:53,6,1,1
BRF:12
BRH:12
end_of_record
