TN:
SF:/home/peter/Documents/Work/MyBit/dapp-trust/ethereum/contracts/distribution/EqualDistribution.sol
FN:23,
FN:31,getFunds
FN:39,withdraw
FN:51,
FN:63,isBeneficiary
FNF:5
FNH:5
FNDA:1,
FNDA:2,getFunds
FNDA:1,withdraw
FNDA:1,
FNDA:2,isBeneficiary
DA:25,1
DA:34,2
DA:35,0
DA:42,1
DA:43,1
DA:44,1
DA:45,1
DA:46,1
DA:47,1
DA:54,1
DA:67,2
DA:68,5
DA:70,1
LF:13
LH:12
BRDA:34,1,0,0
BRDA:34,1,1,2
BRDA:68,2,0,1
BRDA:68,2,1,4
BRF:4
BRH:3
end_of_record
TN:
SF:/home/peter/Documents/Work/MyBit/dapp-trust/ethereum/contracts/interfaces/PullPayment.sol
FNF:0
FNH:0
LF:0
LH:0
BRF:0
BRH:0
end_of_record
TN:
SF:/home/peter/Documents/Work/MyBit/dapp-trust/ethereum/contracts/MyBitBurner.sol
FN:18,
FN:27,burn
FN:39,authorizeBurner
FN:51,removeBurner
FN:62,
FN:72,onlyOwner
FNF:6
FNH:5
FNDA:1,
FNDA:6,burn
FNDA:2,authorizeBurner
FNDA:1,removeBurner
FNDA:0,
FNDA:5,onlyOwner
DA:20,1
DA:21,1
DA:30,6
DA:31,6
DA:32,5
DA:33,5
DA:34,5
DA:43,2
DA:44,2
DA:45,2
DA:46,2
DA:55,1
DA:56,1
DA:57,1
DA:58,1
DA:64,0
DA:73,5
DA:74,3
LF:18
LH:17
BRDA:30,1,0,6
BRDA:30,1,1,0
BRDA:31,2,0,5
BRDA:31,2,1,1
BRDA:32,3,0,5
BRDA:32,3,1,0
BRDA:43,4,0,2
BRDA:43,4,1,0
BRDA:55,5,0,1
BRDA:55,5,1,0
BRDA:73,6,0,3
BRDA:73,6,1,2
BRF:12
BRH:8
end_of_record
TN:
SF:/home/peter/Documents/Work/MyBit/dapp-trust/ethereum/contracts/SafeMath.sol
FN:13,mul
FN:25,div
FN:35,sub
FN:43,add
FNF:4
FNH:3
FNDA:0,mul
FNDA:1,div
FNDA:51,sub
FNDA:49,add
DA:14,0
DA:15,0
DA:17,0
DA:18,0
DA:19,0
DA:29,1
DA:36,51
DA:37,51
DA:44,49
DA:45,49
DA:46,48
LF:11
LH:6
BRDA:14,1,0,0
BRDA:14,1,1,0
BRDA:18,2,0,0
BRDA:18,2,1,0
BRDA:36,3,0,51
BRDA:36,3,1,0
BRDA:45,4,0,48
BRDA:45,4,1,1
BRF:8
BRH:3
end_of_record
TN:
SF:/home/peter/Documents/Work/MyBit/dapp-trust/ethereum/contracts/token/BurnableERC20.sol
FNF:0
FNH:0
LF:0
LH:0
BRF:0
BRH:0
end_of_record
TN:
SF:/home/peter/Documents/Work/MyBit/dapp-trust/ethereum/contracts/token/ERC20.sol
FN:41,
FN:56,transfer
FN:71,transferFrom
FN:87,approve
FN:100,approveAndCall
FN:113,burn
FN:127,burnFrom
FN:142,totalSupply
FN:152,balanceOf
FN:162,allowance
FN:174,
FNF:11
FNH:7
FNDA:1,
FNDA:34,transfer
FNDA:0,transferFrom
FNDA:6,approve
FNDA:0,approveAndCall
FNDA:0,burn
FNDA:5,burnFrom
FNDA:1,totalSupply
FNDA:42,balanceOf
FNDA:6,allowance
FNDA:0,
DA:43,1
DA:44,1
DA:45,1
DA:46,1
DA:47,1
DA:48,1
DA:59,34
DA:60,34
DA:61,34
DA:62,34
DA:63,34
DA:64,34
DA:74,0
DA:75,0
DA:76,0
DA:77,0
DA:78,0
DA:79,0
DA:80,0
DA:90,6
DA:91,6
DA:92,6
DA:103,0
DA:104,0
DA:105,0
DA:106,0
DA:116,0
DA:117,0
DA:118,0
DA:119,0
DA:120,0
DA:130,5
DA:131,5
DA:132,5
DA:133,5
DA:134,5
DA:135,5
DA:136,5
DA:146,1
DA:156,42
DA:166,6
DA:177,0
LF:42
LH:25
BRDA:59,1,0,34
BRDA:59,1,1,0
BRDA:60,2,0,34
BRDA:60,2,1,0
BRDA:74,3,0,0
BRDA:74,3,1,0
BRDA:75,4,0,0
BRDA:75,4,1,0
BRDA:130,5,0,5
BRDA:130,5,1,0
BRF:10
BRH:3
end_of_record
TN:
SF:/home/peter/Documents/Work/MyBit/dapp-trust/ethereum/contracts/token/ERC20Interface.sol
FNF:0
FNH:0
LF:0
LH:0
BRF:0
BRH:0
end_of_record
TN:
SF:/home/peter/Documents/Work/MyBit/dapp-trust/ethereum/contracts/Trust.sol
FN:31,
FN:41,depositTrust
FN:53,revoke
FN:64,withdraw
FN:79,changeExpiration
FN:93,changeBeneficiary
FN:106,
FN:116,blocksUntilExpiration
FN:129,lessThan
FN:135,onlySender
FN:141,isRevocable
FNF:11
FNH:10
FNDA:5,
FNDA:7,depositTrust
FNDA:1,revoke
FNDA:3,withdraw
FNDA:2,changeExpiration
FNDA:2,changeBeneficiary
FNDA:0,
FNDA:4,blocksUntilExpiration
FNDA:28,lessThan
FNDA:12,onlySender
FNDA:7,isRevocable
DA:33,5
DA:34,5
DA:35,5
DA:36,5
DA:46,7
DA:47,5
DA:48,5
DA:49,5
DA:58,1
DA:59,1
DA:60,1
DA:69,3
DA:70,2
DA:71,2
DA:72,2
DA:73,1
DA:74,1
DA:85,2
DA:86,2
DA:87,1
DA:88,1
DA:99,2
DA:100,1
DA:101,1
DA:102,1
DA:108,0
DA:119,4
DA:120,1
DA:129,28
DA:130,26
DA:135,12
DA:136,10
DA:141,7
DA:142,5
LF:34
LH:33
BRDA:46,1,0,5
BRDA:46,1,1,2
BRDA:69,2,0,2
BRDA:69,2,1,1
BRDA:99,3,0,1
BRDA:99,3,1,1
BRDA:120,4,0,3
BRDA:120,4,1,1
BRDA:130,5,0,26
BRDA:130,5,1,2
BRDA:136,6,0,10
BRDA:136,6,1,2
BRDA:142,7,0,5
BRDA:142,7,1,2
BRF:14
BRH:14
end_of_record
TN:
SF:/home/peter/Documents/Work/MyBit/dapp-trust/ethereum/contracts/TrustFactory.sol
FN:20,
FN:30,deployTrust
FN:43,closeFactory
FN:51,changeMYBFee
FN:60,
FN:70,onlyOwner
FNF:6
FNH:5
FNDA:1,
FNDA:9,deployTrust
FNDA:2,closeFactory
FNDA:3,changeMYBFee
FNDA:0,
FNDA:7,onlyOwner
DA:22,1
DA:23,1
DA:33,9
DA:34,7
DA:35,6
DA:36,5
DA:37,5
DA:38,5
DA:46,2
DA:47,1
DA:54,3
DA:55,3
DA:56,3
DA:62,0
DA:71,7
DA:72,5
LF:16
LH:15
BRDA:33,1,0,7
BRDA:33,1,1,2
BRDA:34,2,0,6
BRDA:34,2,1,1
BRDA:35,3,0,5
BRDA:35,3,1,1
BRDA:46,4,0,1
BRDA:46,4,1,1
BRDA:71,5,0,5
BRDA:71,5,1,2
BRF:10
BRH:10
end_of_record
